<?xml version="1.0" encoding="UTF-8"?>
<!-- Generated by org.testng.reporters.JUnitXMLReporter -->
<testsuite ignored="0" hostname="DESKTOP-MPHO6GL" failures="1" tests="6" name="BlazeDemo" time="35.965" errors="0" timestamp="2023-10-05T19:36:05 IST">
  <testcase classname="blazedemosetup.BlazeDemoDriverSetup" name="header" time="0.559"/>
  <testcase classname="blazedemosetup.BlazeDemoDriverSetup" name="destinationOfWeek" time="2.075">
    <failure type="java.lang.AssertionError" message="The following asserts failed:
	New Tab did not open expected [2] but found [1]">
      <![CDATA[java.lang.AssertionError: The following asserts failed:
New Tab did not open expected [2] but found [1]
at blazedemopages.BlazeDemoDestinationOfWeekPage.assertNewTab(BlazeDemoDestinationOfWeekPage.java:34)
at blazedemosetup.BlazeDemoDriverSetup.destinationOfWeek(BlazeDemoDriverSetup.java:60)
at java.base/java.util.ArrayList.forEach(ArrayList.java:1511)
... Removed 29 stack frames]]>
    </failure>
  </testcase> <!-- destinationOfWeek -->
  <testcase classname="blazedemosetup.BlazeDemoDriverSetup" name="purchase" time="1.324"/>
  <testcase classname="blazedemosetup.BlazeDemoDriverSetup" name="chooseFlights" time="0.757"/>
  <testcase classname="blazedemosetup.BlazeDemoDriverSetup" name="flightsDetail" time="0.783"/>
  <testcase classname="blazedemosetup.BlazeDemoDriverSetup" name="confirmation" time="0.217"/>
</testsuite> <!-- BlazeDemo -->
