<?xml version="1.0" encoding="UTF-8"?>
<!-- Generated by org.testng.reporters.JUnitXMLReporter -->
<testsuite ignored="0" hostname="DESKTOP-MPHO6GL" failures="1" tests="6" name="BlazeDemoEdge" time="39.829" errors="0" timestamp="2023-10-05T19:52:33 IST">
  <testcase classname="blazedemosetup.BlazeDemoDriverSetup" name="header" time="1.863"/>
  <testcase classname="blazedemosetup.BlazeDemoDriverSetup" name="destinationOfWeek" time="5.205">
    <failure type="java.lang.AssertionError" message="The following asserts failed:
	New Tab did not open expected [2] but found [1]">
      <![CDATA[java.lang.AssertionError: The following asserts failed:
New Tab did not open expected [2] but found [1]
at blazedemopages.BlazeDemoDestinationOfWeekPage.assertNewTab(BlazeDemoDestinationOfWeekPage.java:34)
at blazedemosetup.BlazeDemoDriverSetup.destinationOfWeek(BlazeDemoDriverSetup.java:58)
at java.base/java.util.ArrayList.forEach(ArrayList.java:1511)
at java.base/java.util.concurrent.FutureTask.run(FutureTask.java:264)
at java.base/java.util.concurrent.ThreadPoolExecutor.runWorker(ThreadPoolExecutor.java:1136)
at java.base/java.util.concurrent.ThreadPoolExecutor$Worker.run(ThreadPoolExecutor.java:635)
at java.base/java.lang.Thread.run(Thread.java:833)
... Removed 19 stack frames]]>
    </failure>
  </testcase> <!-- destinationOfWeek -->
  <testcase classname="blazedemosetup.BlazeDemoDriverSetup" name="purchase" time="1.371"/>
  <testcase classname="blazedemosetup.BlazeDemoDriverSetup" name="chooseFlights" time="2.94"/>
  <testcase classname="blazedemosetup.BlazeDemoDriverSetup" name="flightsDetail" time="3.523"/>
  <testcase classname="blazedemosetup.BlazeDemoDriverSetup" name="confirmation" time="0.049"/>
</testsuite> <!-- BlazeDemoEdge -->
