<?xml version="1.0" encoding="UTF-8"?>
<!-- Generated by org.testng.reporters.JUnitXMLReporter -->
<testsuite ignored="0" hostname="DESKTOP-MPHO6GL" failures="1" tests="6" name="BlazeDemoChrome" time="16.989" errors="0" timestamp="2024-06-23T13:14:01 IST">
  <testcase classname="blazedemosetup.BlazeDemoDriverSetup" name="header" time="0.475"/>
  <testcase classname="blazedemosetup.BlazeDemoDriverSetup" name="destinationOfWeek" time="2.725">
    <failure type="java.lang.AssertionError" message="The following asserts failed:
	New Tab did not open expected [2] but found [1]">
      <![CDATA[java.lang.AssertionError: The following asserts failed:
New Tab did not open expected [2] but found [1]
at blazedemopages.BlazeDemoDestinationOfWeekPage.assertNewTab(BlazeDemoDestinationOfWeekPage.java:34)
at blazedemosetup.BlazeDemoDriverSetup.destinationOfWeek(BlazeDemoDriverSetup.java:75)
at java.base/java.util.ArrayList.forEach(ArrayList.java:1511)
... Removed 29 stack frames]]>
    </failure>
  </testcase> <!-- destinationOfWeek -->
  <testcase classname="blazedemosetup.BlazeDemoDriverSetup" name="purchase" time="1.494"/>
  <testcase classname="blazedemosetup.BlazeDemoDriverSetup" name="chooseFlights" time="0.977"/>
  <testcase classname="blazedemosetup.BlazeDemoDriverSetup" name="flightsDetail" time="0.797"/>
  <testcase classname="blazedemosetup.BlazeDemoDriverSetup" name="confirmation" time="0.128"/>
</testsuite> <!-- BlazeDemoChrome -->
